*** Using Compiler 'V6.16', folder: 'C:\Keil_v5\ARM\ARMCLANG\Bin'
Rebuild target 'LeArm'
compiling gpio.c...
compiling stm32f1xx_hal_msp.c...
compiling stm32f1xx_hal_adc.c...
compiling stm32f1xx_hal_adc_ex.c...
compiling dma.c...
compiling spi.c...
compiling usart.c...
compiling adc.c...
compiling main.c...
compiling stm32f1xx_hal_gpio_ex.c...
compiling i2c.c...
compiling tim.c...
compiling stm32f1xx_hal.c...
compiling stm32f1xx_it.c...
assembling startup_stm32f103xb.s...
compiling stm32f1xx_hal_rcc.c...
compiling stm32f1xx_hal_rcc_ex.c...
compiling stm32f1xx_hal_cortex.c...
compiling stm32f1xx_hal_dma.c...
compiling stm32f1xx_hal_flash.c...
compiling stm32f1xx_hal_gpio.c...
compiling stm32f1xx_hal_pwr.c...
compiling led.c...
compiling stm32f1xx_hal_flash_ex.c...
compiling stm32f1xx_hal_exti.c...
compiling pwm_servos.c...
compiling system_stm32f1xx.c...
compiling stm32f1xx_hal_tim_ex.c...
compiling stm32f1xx_hal_spi.c...
compiling stm32f1xx_hal_uart.c...
compiling buzzer.c...
compiling wonder_echo.c...
../Hiwonder/Peripherals/Src/ultrasound.c(72): warning: variable length array folded to constant array as an extension [-Wgnu-folding-constant]
        static uint16_t filter_buf[filter_num + 1];
                        ^
1 warning generated.
compiling ultrasound.c...
compiling w25q64.c...
compiling oled.c...
compiling stepper_strip.c...
compiling stm32f1xx_hal_i2c.c...
compiling stm32f1xx_hal_tim.c...
compiling qmi8658.c...
compiling serial_servo.c...
compiling avoid_obstacles.c...
compiling wonder_mv.c...
compiling touch.c...
compiling motor_module.c...
compiling adc_sample.c...
compiling led_porting.c...
compiling lwrb.c...
compiling app_porting.c...
compiling pwm_servo_porting.c...
compiling robot_arm.c...
compiling mecanum_chassis.c...
compiling differential_chassis.c...
compiling ps2_porting.c...
compiling u8g2_box.c...
compiling mui.c...
compiling u8g2_bitmap.c...
compiling u8g2_circle.c...
compiling u8g2_buffer.c...
compiling mui_u8g2.c...
compiling u8g2_button.c...
compiling u8g2_fonts.c...
compiling u8g2_cleardisplay.c...
compiling u8g2_d_setup.c...
compiling u8g2_input_value.c...
compiling u8g2_font.c...
compiling u8g2_hvline.c...
compiling u8g2_d_memory.c...
compiling u8g2_message.c...
compiling u8g2_line.c...
compiling u8g2_ll_hvline.c...
compiling u8g2_selection_list.c...
compiling u8g2_kerning.c...
compiling u8g2_polygon.c...
compiling u8g2_intersection.c...
compiling u8g2_setup.c...
compiling u8log.c...
compiling u8log_u8g2.c...
compiling u8x8_cad.c...
compiling u8log_u8x8.c...
compiling u8x8_d_ssd1306_128x32.c...
compiling u8x8_debounce.c...
compiling u8x8_fonts.c...
compiling u8x8_display.c...
compiling u8x8_d_stdio.c...
compiling u8x8_byte.c...
compiling u8x8_gpio.c...
compiling u8x8_input_value.c...
compiling u8x8_d_ssd1306_128x64_noname.c...
compiling u8x8_capture.c...
compiling u8x8_8x8.c...
compiling u8x8_message.c...
compiling u8x8_selection_list.c...
compiling u8x8_u16toa.c...
compiling u8x8_setup.c...
compiling retarget_io.c...
compiling EventRecorder.c...
compiling u8x8_u8toa.c...
compiling u8x8_string.c...
linking...
Program Size: Code=30196 RO-data=616 RW-data=16 ZI-data=4608  
FromELF: creating hex file...
"LeArm\LeArm.axf" - 0 Error(s), 1 Warning(s).
Build Time Elapsed:  00:00:17
